app/build/intermediates/manifest_merge_blame_file/release/processReleaseMainManifest/manifest-merger-blame-release-report.txt
1<?xml version="1.0" encoding="utf-8"?>
2<manifest xmlns:android="http://schemas.android.com/apk/res/android"
3    package="in.paperboxd.app"
4    android:versionCode="1"
5    android:versionName="1.0" >
6
7    <uses-sdk
8        android:minSdkVersion="26"
9        android:targetSdkVersion="36" />
10
11    <uses-permission android:name="android.permission.INTERNET" />
11-->src/main/AndroidManifest.xml:4:5-67
11-->src/main/AndroidManifest.xml:4:22-64
12    <uses-permission android:name="android.permission.CAMERA" />
12-->src/main/AndroidManifest.xml:5:5-65
12-->src/main/AndroidManifest.xml:5:22-62
13
14    <uses-feature
14-->src/main/AndroidManifest.xml:7:5-9:36
15        android:name="android.hardware.camera"
15-->src/main/AndroidManifest.xml:8:9-47
16        android:required="false" />
16-->src/main/AndroidManifest.xml:9:9-33
17
18    <permission
18-->[androidx.core:core:1.15.0] AndroidManifest.xml:22:5-24:47
19        android:name="in.paperboxd.app.DYNAMIC_RECEIVER_NOT_EXPORTED_PERMISSION"
19-->[androidx.core:core:1.15.0] AndroidManifest.xml:23:9-81
20        android:protectionLevel="signature" />
20-->[androidx.core:core:1.15.0] AndroidManifest.xml:24:9-44
21
22    <uses-permission android:name="in.paperboxd.app.DYNAMIC_RECEIVER_NOT_EXPORTED_PERMISSION" /> <!-- Although the *SdkVersion is captured in gradle build files, this is required for non gradle builds -->
22-->[androidx.core:core:1.15.0] AndroidManifest.xml:26:5-97
22-->[androidx.core:core:1.15.0] AndroidManifest.xml:26:22-94
23    <!-- <uses-sdk android:minSdkVersion="14"/> -->
24    <uses-permission android:name="android.permission.ACCESS_NETWORK_STATE" />
24-->[com.google.android.datatransport:transport-backend-cct:2.3.3] AndroidManifest.xml:25:5-79
24-->[com.google.android.datatransport:transport-backend-cct:2.3.3] AndroidManifest.xml:25:22-76
25
26    <application
26-->src/main/AndroidManifest.xml:11:5-48:19
27        android:name="in.paperboxd.app.PaperBoxdApp"
27-->src/main/AndroidManifest.xml:12:9-37
28        android:appComponentFactory="androidx.core.app.CoreComponentFactory"
28-->[androidx.core:core:1.15.0] AndroidManifest.xml:28:18-86
29        android:extractNativeLibs="false"
30        android:icon="@drawable/app_icon"
30-->src/main/AndroidManifest.xml:13:9-42
31        android:label="@string/app_name"
31-->src/main/AndroidManifest.xml:15:9-41
32        android:roundIcon="@drawable/app_icon"
32-->src/main/AndroidManifest.xml:14:9-47
33        android:supportsRtl="true"
33-->src/main/AndroidManifest.xml:16:9-35
34        android:theme="@style/Theme.PaperBoxd" >
34-->src/main/AndroidManifest.xml:17:9-47
35        <activity
35-->src/main/AndroidManifest.xml:19:9-36:20
36            android:name="in.paperboxd.app.MainActivity"
36-->src/main/AndroidManifest.xml:20:13-41
37            android:exported="true"
37-->src/main/AndroidManifest.xml:21:13-36
38            android:theme="@style/Theme.PaperBoxd"
38-->src/main/AndroidManifest.xml:23:13-51
39            android:windowSoftInputMode="adjustResize" >
39-->src/main/AndroidManifest.xml:22:13-55
40            <intent-filter>
40-->src/main/AndroidManifest.xml:24:13-27:29
41                <action android:name="android.intent.action.MAIN" />
41-->src/main/AndroidManifest.xml:25:17-69
41-->src/main/AndroidManifest.xml:25:25-66
42
43                <category android:name="android.intent.category.LAUNCHER" />
43-->src/main/AndroidManifest.xml:26:17-77
43-->src/main/AndroidManifest.xml:26:27-74
44            </intent-filter>
45
46            <!-- Deep links: paperboxd.in book + profile pages -->
47            <intent-filter android:autoVerify="true" >
47-->src/main/AndroidManifest.xml:30:13-35:29
47-->src/main/AndroidManifest.xml:30:28-53
48                <action android:name="android.intent.action.VIEW" />
48-->src/main/AndroidManifest.xml:31:17-69
48-->src/main/AndroidManifest.xml:31:25-66
49
50                <category android:name="android.intent.category.DEFAULT" />
50-->src/main/AndroidManifest.xml:32:17-76
50-->src/main/AndroidManifest.xml:32:27-73
51                <category android:name="android.intent.category.BROWSABLE" />
51-->src/main/AndroidManifest.xml:33:17-78
51-->src/main/AndroidManifest.xml:33:27-75
52
53                <data
53-->src/main/AndroidManifest.xml:34:17-76
54                    android:host="paperboxd.in"
54-->src/main/AndroidManifest.xml:34:46-73
55                    android:scheme="https" />
55-->src/main/AndroidManifest.xml:34:23-45
56            </intent-filter>
57        </activity>
58
59        <!-- Serves rendered share cards (cacheDir/shares) to the system share sheet. -->
60        <provider
61            android:name="androidx.core.content.FileProvider"
61-->src/main/AndroidManifest.xml:40:13-62
62            android:authorities="in.paperboxd.app.fileprovider"
62-->src/main/AndroidManifest.xml:41:13-64
63            android:exported="false"
63-->src/main/AndroidManifest.xml:42:13-37
64            android:grantUriPermissions="true" >
64-->src/main/AndroidManifest.xml:43:13-47
65            <meta-data
65-->src/main/AndroidManifest.xml:44:13-46:54
66                android:name="android.support.FILE_PROVIDER_PATHS"
66-->src/main/AndroidManifest.xml:45:17-67
67                android:resource="@xml/file_paths" />
67-->src/main/AndroidManifest.xml:46:17-51
68        </provider>
69        <!--
70        Service for holding metadata. Cannot be instantiated.
71        Metadata will be merged from other manifests.
72        -->
73        <service
73-->[androidx.camera:camera-core:1.4.2] AndroidManifest.xml:29:9-33:78
74            android:name="androidx.camera.core.impl.MetadataHolderService"
74-->[androidx.camera:camera-core:1.4.2] AndroidManifest.xml:30:13-75
75            android:enabled="false"
75-->[androidx.camera:camera-core:1.4.2] AndroidManifest.xml:31:13-36
76            android:exported="false" >
76-->[androidx.camera:camera-core:1.4.2] AndroidManifest.xml:32:13-37
77            <meta-data
77-->[androidx.camera:camera-camera2:1.4.2] AndroidManifest.xml:30:13-32:89
78                android:name="androidx.camera.core.impl.MetadataHolderService.DEFAULT_CONFIG_PROVIDER"
78-->[androidx.camera:camera-camera2:1.4.2] AndroidManifest.xml:31:17-103
79                android:value="androidx.camera.camera2.Camera2Config$DefaultProvider" />
79-->[androidx.camera:camera-camera2:1.4.2] AndroidManifest.xml:32:17-86
80        </service>
81        <service
81-->[androidx.credentials:credentials-play-services-auth:1.3.0] AndroidManifest.xml:24:9-32:19
82            android:name="androidx.credentials.playservices.CredentialProviderMetadataHolder"
82-->[androidx.credentials:credentials-play-services-auth:1.3.0] AndroidManifest.xml:25:13-94
83            android:enabled="true"
83-->[androidx.credentials:credentials-play-services-auth:1.3.0] AndroidManifest.xml:26:13-35
84            android:exported="false" >
84-->[androidx.credentials:credentials-play-services-auth:1.3.0] AndroidManifest.xml:27:13-37
85            <meta-data
85-->[androidx.credentials:credentials-play-services-auth:1.3.0] AndroidManifest.xml:29:13-31:104
86                android:name="androidx.credentials.CREDENTIAL_PROVIDER_KEY"
86-->[androidx.credentials:credentials-play-services-auth:1.3.0] AndroidManifest.xml:30:17-76
87                android:value="androidx.credentials.playservices.CredentialProviderPlayServicesImpl" />
87-->[androidx.credentials:credentials-play-services-auth:1.3.0] AndroidManifest.xml:31:17-101
88        </service>
89
90        <activity
90-->[androidx.credentials:credentials-play-services-auth:1.3.0] AndroidManifest.xml:34:9-41:20
91            android:name="androidx.credentials.playservices.HiddenActivity"
91-->[androidx.credentials:credentials-play-services-auth:1.3.0] AndroidManifest.xml:35:13-76
92            android:configChanges="orientation|screenSize|screenLayout|keyboardHidden"
92-->[androidx.credentials:credentials-play-services-auth:1.3.0] AndroidManifest.xml:36:13-87
93            android:enabled="true"
93-->[androidx.credentials:credentials-play-services-auth:1.3.0] AndroidManifest.xml:37:13-35
94            android:exported="false"
94-->[androidx.credentials:credentials-play-services-auth:1.3.0] AndroidManifest.xml:38:13-37
95            android:fitsSystemWindows="true"
95-->[androidx.credentials:credentials-play-services-auth:1.3.0] AndroidManifest.xml:39:13-45
96            android:theme="@style/Theme.Hidden" >
96-->[androidx.credentials:credentials-play-services-auth:1.3.0] AndroidManifest.xml:40:13-48
97        </activity>
98        <activity
98-->[com.google.android.gms:play-services-auth:21.1.1] AndroidManifest.xml:23:9-27:75
99            android:name="com.google.android.gms.auth.api.signin.internal.SignInHubActivity"
99-->[com.google.android.gms:play-services-auth:21.1.1] AndroidManifest.xml:24:13-93
100            android:excludeFromRecents="true"
100-->[com.google.android.gms:play-services-auth:21.1.1] AndroidManifest.xml:25:13-46
101            android:exported="false"
101-->[com.google.android.gms:play-services-auth:21.1.1] AndroidManifest.xml:26:13-37
102            android:theme="@android:style/Theme.Translucent.NoTitleBar" />
102-->[com.google.android.gms:play-services-auth:21.1.1] AndroidManifest.xml:27:13-72
103        <!--
104            Service handling Google Sign-In user revocation. For apps that do not integrate with
105            Google Sign-In, this service will never be started.
106        -->
107        <service
107-->[com.google.android.gms:play-services-auth:21.1.1] AndroidManifest.xml:33:9-37:51
108            android:name="com.google.android.gms.auth.api.signin.RevocationBoundService"
108-->[com.google.android.gms:play-services-auth:21.1.1] AndroidManifest.xml:34:13-89
109            android:exported="true"
109-->[com.google.android.gms:play-services-auth:21.1.1] AndroidManifest.xml:35:13-36
110            android:permission="com.google.android.gms.auth.api.signin.permission.REVOCATION_NOTIFICATION"
110-->[com.google.android.gms:play-services-auth:21.1.1] AndroidManifest.xml:36:13-107
111            android:visibleToInstantApps="true" />
111-->[com.google.android.gms:play-services-auth:21.1.1] AndroidManifest.xml:37:13-48
112        <service
112-->[com.google.android.gms:play-services-mlkit-barcode-scanning:18.3.1] AndroidManifest.xml:9:9-15:19
113            android:name="com.google.mlkit.common.internal.MlKitComponentDiscoveryService"
113-->[com.google.android.gms:play-services-mlkit-barcode-scanning:18.3.1] AndroidManifest.xml:10:13-91
114            android:directBootAware="true"
114-->[com.google.mlkit:common:18.11.0] AndroidManifest.xml:17:13-43
115            android:exported="false" >
115-->[com.google.android.gms:play-services-mlkit-barcode-scanning:18.3.1] AndroidManifest.xml:11:13-37
116            <meta-data
116-->[com.google.android.gms:play-services-mlkit-barcode-scanning:18.3.1] AndroidManifest.xml:12:13-14:85
117                android:name="com.google.firebase.components:com.google.mlkit.vision.barcode.internal.BarcodeRegistrar"
117-->[com.google.android.gms:play-services-mlkit-barcode-scanning:18.3.1] AndroidManifest.xml:13:17-120
118                android:value="com.google.firebase.components.ComponentRegistrar" />
118-->[com.google.android.gms:play-services-mlkit-barcode-scanning:18.3.1] AndroidManifest.xml:14:17-82
119            <meta-data
119-->[com.google.mlkit:vision-common:17.3.0] AndroidManifest.xml:12:13-14:85
120                android:name="com.google.firebase.components:com.google.mlkit.vision.common.internal.VisionCommonRegistrar"
120-->[com.google.mlkit:vision-common:17.3.0] AndroidManifest.xml:13:17-124
121                android:value="com.google.firebase.components.ComponentRegistrar" />
121-->[com.google.mlkit:vision-common:17.3.0] AndroidManifest.xml:14:17-82
122            <meta-data
122-->[com.google.mlkit:common:18.11.0] AndroidManifest.xml:20:13-22:85
123                android:name="com.google.firebase.components:com.google.mlkit.common.internal.CommonComponentRegistrar"
123-->[com.google.mlkit:common:18.11.0] AndroidManifest.xml:21:17-120
124                android:value="com.google.firebase.components.ComponentRegistrar" />
124-->[com.google.mlkit:common:18.11.0] AndroidManifest.xml:22:17-82
125        </service>
126
127        <provider
127-->[com.google.mlkit:common:18.11.0] AndroidManifest.xml:9:9-13:38
128            android:name="com.google.mlkit.common.internal.MlKitInitProvider"
128-->[com.google.mlkit:common:18.11.0] AndroidManifest.xml:10:13-78
129            android:authorities="in.paperboxd.app.mlkitinitprovider"
129-->[com.google.mlkit:common:18.11.0] AndroidManifest.xml:11:13-69
130            android:exported="false"
130-->[com.google.mlkit:common:18.11.0] AndroidManifest.xml:12:13-37
131            android:initOrder="99" />
131-->[com.google.mlkit:common:18.11.0] AndroidManifest.xml:13:13-35
132
133        <activity
133-->[com.google.android.gms:play-services-base:18.5.0] AndroidManifest.xml:5:9-173
134            android:name="com.google.android.gms.common.api.GoogleApiActivity"
134-->[com.google.android.gms:play-services-base:18.5.0] AndroidManifest.xml:5:19-85
135            android:exported="false"
135-->[com.google.android.gms:play-services-base:18.5.0] AndroidManifest.xml:5:146-170
136            android:theme="@android:style/Theme.Translucent.NoTitleBar" />
136-->[com.google.android.gms:play-services-base:18.5.0] AndroidManifest.xml:5:86-145
137
138        <meta-data
138-->[com.google.android.gms:play-services-basement:18.4.0] AndroidManifest.xml:6:9-122
139            android:name="com.google.android.gms.version"
139-->[com.google.android.gms:play-services-basement:18.4.0] AndroidManifest.xml:6:20-65
140            android:value="@integer/google_play_services_version" />
140-->[com.google.android.gms:play-services-basement:18.4.0] AndroidManifest.xml:6:66-119
141
142        <provider
142-->[androidx.emoji2:emoji2:1.3.0] AndroidManifest.xml:24:9-32:20
143            android:name="androidx.startup.InitializationProvider"
143-->[androidx.emoji2:emoji2:1.3.0] AndroidManifest.xml:25:13-67
144            android:authorities="in.paperboxd.app.androidx-startup"
144-->[androidx.emoji2:emoji2:1.3.0] AndroidManifest.xml:26:13-68
145            android:exported="false" >
145-->[androidx.emoji2:emoji2:1.3.0] AndroidManifest.xml:27:13-37
146            <meta-data
146-->[androidx.emoji2:emoji2:1.3.0] AndroidManifest.xml:29:13-31:52
147                android:name="androidx.emoji2.text.EmojiCompatInitializer"
147-->[androidx.emoji2:emoji2:1.3.0] AndroidManifest.xml:30:17-75
148                android:value="androidx.startup" />
148-->[androidx.emoji2:emoji2:1.3.0] AndroidManifest.xml:31:17-49
149            <meta-data
149-->[androidx.lifecycle:lifecycle-process:2.8.3] AndroidManifest.xml:29:13-31:52
150                android:name="androidx.lifecycle.ProcessLifecycleInitializer"
150-->[androidx.lifecycle:lifecycle-process:2.8.3] AndroidManifest.xml:30:17-78
151                android:value="androidx.startup" />
151-->[androidx.lifecycle:lifecycle-process:2.8.3] AndroidManifest.xml:31:17-49
152            <meta-data
152-->[androidx.profileinstaller:profileinstaller:1.3.1] AndroidManifest.xml:29:13-31:52
153                android:name="androidx.profileinstaller.ProfileInstallerInitializer"
153-->[androidx.profileinstaller:profileinstaller:1.3.1] AndroidManifest.xml:30:17-85
154                android:value="androidx.startup" />
154-->[androidx.profileinstaller:profileinstaller:1.3.1] AndroidManifest.xml:31:17-49
155        </provider>
156
157        <receiver
157-->[androidx.profileinstaller:profileinstaller:1.3.1] AndroidManifest.xml:34:9-52:20
158            android:name="androidx.profileinstaller.ProfileInstallReceiver"
158-->[androidx.profileinstaller:profileinstaller:1.3.1] AndroidManifest.xml:35:13-76
159            android:directBootAware="false"
159-->[androidx.profileinstaller:profileinstaller:1.3.1] AndroidManifest.xml:36:13-44
160            android:enabled="true"
160-->[androidx.profileinstaller:profileinstaller:1.3.1] AndroidManifest.xml:37:13-35
161            android:exported="true"
161-->[androidx.profileinstaller:profileinstaller:1.3.1] AndroidManifest.xml:38:13-36
162            android:permission="android.permission.DUMP" >
162-->[androidx.profileinstaller:profileinstaller:1.3.1] AndroidManifest.xml:39:13-57
163            <intent-filter>
163-->[androidx.profileinstaller:profileinstaller:1.3.1] AndroidManifest.xml:40:13-42:29
164                <action android:name="androidx.profileinstaller.action.INSTALL_PROFILE" />
164-->[androidx.profileinstaller:profileinstaller:1.3.1] AndroidManifest.xml:41:17-91
164-->[androidx.profileinstaller:profileinstaller:1.3.1] AndroidManifest.xml:41:25-88
165            </intent-filter>
166            <intent-filter>
166-->[androidx.profileinstaller:profileinstaller:1.3.1] AndroidManifest.xml:43:13-45:29
167                <action android:name="androidx.profileinstaller.action.SKIP_FILE" />
167-->[androidx.profileinstaller:profileinstaller:1.3.1] AndroidManifest.xml:44:17-85
167-->[androidx.profileinstaller:profileinstaller:1.3.1] AndroidManifest.xml:44:25-82
168            </intent-filter>
169            <intent-filter>
169-->[androidx.profileinstaller:profileinstaller:1.3.1] AndroidManifest.xml:46:13-48:29
170                <action android:name="androidx.profileinstaller.action.SAVE_PROFILE" />
170-->[androidx.profileinstaller:profileinstaller:1.3.1] AndroidManifest.xml:47:17-88
170-->[androidx.profileinstaller:profileinstaller:1.3.1] AndroidManifest.xml:47:25-85
171            </intent-filter>
172            <intent-filter>
172-->[androidx.profileinstaller:profileinstaller:1.3.1] AndroidManifest.xml:49:13-51:29
173                <action android:name="androidx.profileinstaller.action.BENCHMARK_OPERATION" />
173-->[androidx.profileinstaller:profileinstaller:1.3.1] AndroidManifest.xml:50:17-95
173-->[androidx.profileinstaller:profileinstaller:1.3.1] AndroidManifest.xml:50:25-92
174            </intent-filter>
175        </receiver>
176
177        <service
177-->[com.google.android.datatransport:transport-backend-cct:2.3.3] AndroidManifest.xml:29:9-35:19
178            android:name="com.google.android.datatransport.runtime.backends.TransportBackendDiscovery"
178-->[com.google.android.datatransport:transport-backend-cct:2.3.3] AndroidManifest.xml:30:13-103
179            android:exported="false" >
179-->[com.google.android.datatransport:transport-backend-cct:2.3.3] AndroidManifest.xml:31:13-37
180            <meta-data
180-->[com.google.android.datatransport:transport-backend-cct:2.3.3] AndroidManifest.xml:32:13-34:39
181                android:name="backend:com.google.android.datatransport.cct.CctBackendFactory"
181-->[com.google.android.datatransport:transport-backend-cct:2.3.3] AndroidManifest.xml:33:17-94
182                android:value="cct" />
182-->[com.google.android.datatransport:transport-backend-cct:2.3.3] AndroidManifest.xml:34:17-36
183        </service>
184        <service
184-->[com.google.android.datatransport:transport-runtime:2.2.6] AndroidManifest.xml:26:9-30:19
185            android:name="com.google.android.datatransport.runtime.scheduling.jobscheduling.JobInfoSchedulerService"
185-->[com.google.android.datatransport:transport-runtime:2.2.6] AndroidManifest.xml:27:13-117
186            android:exported="false"
186-->[com.google.android.datatransport:transport-runtime:2.2.6] AndroidManifest.xml:28:13-37
187            android:permission="android.permission.BIND_JOB_SERVICE" >
187-->[com.google.android.datatransport:transport-runtime:2.2.6] AndroidManifest.xml:29:13-69
188        </service>
189
190        <receiver
190-->[com.google.android.datatransport:transport-runtime:2.2.6] AndroidManifest.xml:32:9-34:40
191            android:name="com.google.android.datatransport.runtime.scheduling.jobscheduling.AlarmManagerSchedulerBroadcastReceiver"
191-->[com.google.android.datatransport:transport-runtime:2.2.6] AndroidManifest.xml:33:13-132
192            android:exported="false" />
192-->[com.google.android.datatransport:transport-runtime:2.2.6] AndroidManifest.xml:34:13-37
193    </application>
194
195</manifest>